<?xml version="1.0" encoding="utf-8"?><testsuites name="pytest tests"><testsuite name="pytest" errors="0" failures="0" skipped="0" tests="6" time="6.633" timestamp="2026-08-01T03:14:38.082685+00:00" hostname="agent-env-1f74ff16-cfc6-4215-a890-dec135dc60bb"><testcase classname="tests.test_consultations" name="test_api_root" time="0.582" /><testcase classname="tests.test_consultations" name="test_create_consultation_valid" time="1.622" /><testcase classname="tests.test_consultations" name="test_create_consultation_invalid_email" time="0.030" /><testcase classname="tests.test_consultations" name="test_create_consultation_missing_fields" time="0.031" /><testcase classname="tests.test_consultations" name="test_list_consultations_sorted_desc" time="2.982" /><testcase classname="tests.test_consultations" name="test_email_send_does_not_break" time="0.438" /></testsuite></testsuites>