<?xml version="1.0" encoding="utf-8"?><testsuites name="pytest tests"><testsuite name="pytest" errors="0" failures="0" skipped="0" tests="6" time="11.055" timestamp="2026-07-31T12:46:40.479764+00:00" hostname="agent-env-1f74ff16-cfc6-4215-a890-dec135dc60bb"><testcase classname="tests.test_consultations" name="test_api_root" time="0.634" /><testcase classname="tests.test_consultations" name="test_create_consultation_valid" time="1.614" /><testcase classname="tests.test_consultations" name="test_create_consultation_invalid_email" time="0.046" /><testcase classname="tests.test_consultations" name="test_create_consultation_missing_fields" time="0.053" /><testcase classname="tests.test_consultations" name="test_list_consultations_sorted_desc" time="7.353" /><testcase classname="tests.test_consultations" name="test_email_send_does_not_break" time="0.483" /></testsuite></testsuites>